<?xml version="1.0" encoding="UTF-8"?>
<testsuite name="MyTest1" tests="4" skipped="0" failures="0" errors="0" timestamp="2017-08-27T07:15:33" hostname="DESKTOP-RCV33DL" time="0.004">
  <properties/>
  <testcase name="testAssertArrayEquals" classname="MyTest1" time="0.0"/>
  <testcase name="test1" classname="MyTest1" time="0.001"/>
  <testcase name="test2" classname="MyTest1" time="0.001"/>
  <testcase name="test3" classname="MyTest1" time="0.001"/>
  <system-out><![CDATA[before
after
before
test1
after
before
test2
after
before
test3
after
]]></system-out>
  <system-err><![CDATA[]]></system-err>
</testsuite>
