<?xml version="1.0" encoding="UTF-8"?>
<testsuite name="MySuite" tests="0" skipped="0" failures="0" errors="0" timestamp="1970-01-01T00:00:00" hostname="DESKTOP-RCV33DL" time="0.0">
  <properties/>
  <system-out><![CDATA[beforeClass
afterClass
beforeClass
afterClass
]]></system-out>
  <system-err><![CDATA[]]></system-err>
</testsuite>
